This is pdfeTeXk, Version 3.141592-1.21a-2.2 (Web2C 7.5.4) (format=pdflatex 2010.8.25)  28 AUG 2011 22:46
entering extended mode
 file:line:error style messages enabled.
**voldemort.tex
(./voldemort.tex
LaTeX2e <2003/12/01>
Babel <v3.8d> and hyphenation patterns for american, french, german, ngerman, b
ahasa, basque, bulgarian, catalan, croatian, czech, danish, dutch, esperanto, e
stonian, finnish, greek, icelandic, irish, italian, latin, magyar, norsk, polis
h, portuges, romanian, russian, serbian, slovak, slovene, spanish, swedish, tur
kish, ukrainian, nohyphenation, loaded.
(./sigplanconf.cls
Document Class: sigplanconf 2010/05/24 v2.4 ACM SIGPLAN Proceedings
\@numheaddepth=\count79
(/opt/local/share/texmf-dist/tex/latex/base/article.cls
Document Class: article 2004/02/16 v1.4f Standard LaTeX document class
(/opt/local/share/texmf-dist/tex/latex/base/size10.clo
File: size10.clo 2004/02/16 v1.4f Standard LaTeX file (size option)
)
\c@part=\count80
\c@section=\count81
\c@subsection=\count82
\c@subsubsection=\count83
\c@paragraph=\count84
\c@subparagraph=\count85
\c@figure=\count86
\c@table=\count87
\abovecaptionskip=\skip41
\belowcaptionskip=\skip42
\bibindent=\dimen102
)
\standardtextwidth=\dimen103
\standardvspace=\skip43

Using natbib package with 'authoryear' citation style.
(/opt/local/share/texmf-dist/tex/latex/natbib/natbib.sty
Package: natbib 2003/06/06 7.1 (PWD)
\bibhang=\skip44
\bibsep=\skip45
LaTeX Info: Redefining \cite on input line 518.
\c@NAT@ctr=\count88
)
\@sectionaboveskip=\skip46
\@sectionbelowskip=\skip47
\@subsectionaboveskip=\skip48
\@subsectionbelowskip=\skip49
\@paragraphaboveskip=\skip50
\@authorcount=\count89
\@titlenotecount=\count90
\@titlenotetext=\toks14
\@fnmark=\toks15
\@authori=\count91
\@measbox=\box26
)
(/opt/local/share/texmf-dist/tex/latex/graphics/graphicx.sty
Package: graphicx 1999/02/16 v1.0f Enhanced LaTeX Graphics (DPC,SPQR)

(/opt/local/share/texmf-dist/tex/latex/graphics/keyval.sty
Package: keyval 1999/03/16 v1.13 key=value parser (DPC)
\KV@toks@=\toks16
)
(/opt/local/share/texmf-dist/tex/latex/graphics/graphics.sty
Package: graphics 2001/07/07 v1.0n Standard LaTeX Graphics (DPC,SPQR)

(/opt/local/share/texmf-dist/tex/latex/graphics/trig.sty
Package: trig 1999/03/16 v1.09 sin cos tan (DPC)
)
(/opt/local/share/texmf-dist/tex/latex/graphics/graphics.cfg
File: graphics.cfg 2005/02/03 v1.3 graphics configuration of teTeX/TeXLive
)
Package graphics Info: Driver file: pdftex.def on input line 80.

(/opt/local/share/texmf-dist/tex/latex/graphics/pdftex.def
File: pdftex.def 2002/06/19 v0.03k graphics/color for pdftex
\Gread@gobject=\count92
))
\Gin@req@height=\dimen104
\Gin@req@width=\dimen105
)
(/opt/local/share/texmf-dist/tex/latex/amsmath/amsmath.sty
Package: amsmath 2000/07/18 v2.13 AMS math features
\@mathmargin=\skip51

For additional information on amsmath, use the `?' option.
(/opt/local/share/texmf-dist/tex/latex/amsmath/amstext.sty
Package: amstext 2000/06/29 v2.01

(/opt/local/share/texmf-dist/tex/latex/amsmath/amsgen.sty
File: amsgen.sty 1999/11/30 v2.0
\@emptytoks=\toks17
\ex@=\dimen106
))
(/opt/local/share/texmf-dist/tex/latex/amsmath/amsbsy.sty
Package: amsbsy 1999/11/29 v1.2d
\pmbraise@=\dimen107
)
(/opt/local/share/texmf-dist/tex/latex/amsmath/amsopn.sty
Package: amsopn 1999/12/14 v2.01 operator names
)
\inf@bad=\count93
LaTeX Info: Redefining \frac on input line 211.
\uproot@=\count94
\leftroot@=\count95
LaTeX Info: Redefining \overline on input line 307.
\classnum@=\count96
\DOTSCASE@=\count97
LaTeX Info: Redefining \ldots on input line 379.
LaTeX Info: Redefining \dots on input line 382.
LaTeX Info: Redefining \cdots on input line 467.
\Mathstrutbox@=\box27
\strutbox@=\box28
\big@size=\dimen108
LaTeX Font Info:    Redeclaring font encoding OML on input line 567.
LaTeX Font Info:    Redeclaring font encoding OMS on input line 568.
\macc@depth=\count98
\c@MaxMatrixCols=\count99
\dotsspace@=\muskip10
\c@parentequation=\count100
\dspbrk@lvl=\count101
\tag@help=\toks18
\row@=\count102
\column@=\count103
\maxfields@=\count104
\andhelp@=\toks19
\eqnshift@=\dimen109
\alignsep@=\dimen110
\tagshift@=\dimen111
\tagwidth@=\dimen112
\totwidth@=\dimen113
\lineht@=\dimen114
\@envbody=\toks20
\multlinegap=\skip52
\multlinetaggap=\skip53
\mathdisplay@stack=\toks21
LaTeX Info: Redefining \[ on input line 2666.
LaTeX Info: Redefining \] on input line 2667.
)
(/opt/local/share/texmf-dist/tex/latex/moreverb/moreverb.sty
Package: moreverb 1997/12/07 v2.2d.2 `more' verbatim facilities

(/opt/local/share/texmf-dist/tex/latex/tools/verbatim.sty
Package: verbatim 2003/08/22 v1.5q LaTeX2e package for verbatim enhancements
\every@verbatim=\toks22
\verbatim@line=\toks23
\verbatim@in@stream=\read1
)
\verbatim@out=\write3
\tab@position=\count105
\tab@size=\count106
\listing@line=\count107
) (./voldemort.aux)
\openout1 = `voldemort.aux'.

LaTeX Font Info:    Checking defaults for OML/cmm/m/it on input line 11.
LaTeX Font Info:    ... okay on input line 11.
LaTeX Font Info:    Checking defaults for T1/cmr/m/n on input line 11.
LaTeX Font Info:    ... okay on input line 11.
LaTeX Font Info:    Checking defaults for OT1/cmr/m/n on input line 11.
LaTeX Font Info:    ... okay on input line 11.
LaTeX Font Info:    Checking defaults for OMS/cmsy/m/n on input line 11.
LaTeX Font Info:    ... okay on input line 11.
LaTeX Font Info:    Checking defaults for OMX/cmex/m/n on input line 11.
LaTeX Font Info:    ... okay on input line 11.
LaTeX Font Info:    Checking defaults for U/cmr/m/n on input line 11.
LaTeX Font Info:    ... okay on input line 11.
LaTeX Font Info:    Try loading font information for OT1+ptm on input line 11.

(/opt/local/share/texmf-dist/tex/latex/psnfss/ot1ptm.fd
File: ot1ptm.fd 2001/06/04 font definitions for OT1/ptm.
)
(/opt/local/share/texmf-dist/tex/context/base/supp-pdf.tex
(/opt/local/share/texmf-dist/tex/context/base/supp-mis.tex
loading : Context Support Macros / Miscellaneous (2004.10.26)
\protectiondepth=\count108
\scratchcounter=\count109
\scratchtoks=\toks24
\scratchdimen=\dimen115
\scratchskip=\skip54
\scratchmuskip=\muskip11
\scratchbox=\box29
\scratchread=\read2
\scratchwrite=\write4
\zeropoint=\dimen116
\onepoint=\dimen117
\onebasepoint=\dimen118
\minusone=\count110
\thousandpoint=\dimen119
\onerealpoint=\dimen120
\emptytoks=\toks25
\nextbox=\box30
\nextdepth=\dimen121
\everyline=\toks26
\!!counta=\count111
\!!countb=\count112
\recursecounter=\count113
)
loading : Context Support Macros / PDF (2004.03.26)
\nofMPsegments=\count114
\nofMParguments=\count115
\MPscratchCnt=\count116
\MPscratchDim=\dimen122
\MPnumerator=\count117
\everyMPtoPDFconversion=\toks27
)
LaTeX Font Info:    Font shape `OT1/ptm/bx/n' in size <17.28> not available
(Font)              Font shape `OT1/ptm/b/n' tried instead on input line 39.
LaTeX Font Info:    Font shape `OT1/ptm/bx/n' in size <12> not available
(Font)              Font shape `OT1/ptm/b/n' tried instead on input line 42.
LaTeX Font Info:    Font shape `OT1/ptm/bx/n' in size <10> not available
(Font)              Font shape `OT1/ptm/b/n' tried instead on input line 49.
LaTeX Font Info:    Font shape `OT1/ptm/bx/it' in size <10> not available
(Font)              Font shape `OT1/ptm/b/it' tried instead on input line 49.
 [1{/opt/local/share/texmf-var/fonts/map/pdftex/updmap/pdftex.map}


]
Underfull \hbox (badness 1173) in paragraph at lines 78--79
\OT1/ptm/m/n/10 They by-pass the con-ven-tional client API which would
 []


Underfull \vbox (badness 10000) has occurred while \output is active []

 [2]
LaTeX Font Info:    Try loading font information for OMS+ptm on input line 91.

(/opt/local/share/texmf-dist/tex/latex/psnfss/omsptm.fd
File: omsptm.fd 
)
LaTeX Font Info:    Font shape `OMS/ptm/m/n' in size <9> not available
(Font)              Font shape `OMS/cmsy/m/n' tried instead on input line 91.

<arch.png, id=26, 346.1733pt x 286.9119pt>
File: arch.png Graphic file (type png)
 <use arch.png> [3 <./arch.png>]
<hash.png, id=45, 384.11505pt x 405.4347pt>
File: hash.png Graphic file (type png)
 <use hash.png>
Overfull \hbox (8.13806pt too wide) in paragraph at lines 160--161
[]\OT1/ptm/m/n/10 For the same we use the con-cept of vec-tor clocks [[]].
 []


Underfull \vbox (badness 1762) has occurred while \output is active []

 [4 <./hash.png>] <fullstack.png, id=49, 329.91255pt x 430.36784pt>
File: fullstack.png Graphic file (type png)
 <use fullstack.png>
[5 <./fullstack.png>] <storage_format.png, id=53, 452.4102pt x 613.21095pt>
File: storage_format.png Graphic file (type png)

<use storage_format.png>
Underfull \hbox (badness 3657) in paragraph at lines 253--254
\OT1/ptm/m/n/10 pat-tern []\OT1/cmtt/m/n/10 <partition id>_<replica id>_<chunk 
id>.
 []


Underfull \vbox (badness 8132) has occurred while \output is active []

 [6]
Underfull \vbox (badness 1968) has occurred while \output is active []


Underfull \vbox (badness 2012) has occurred while \output is active []

 [7 <./storage_format.png>]
Overfull \hbox (12.87811pt too wide) in paragraph at lines 332--332
[]    \OT1/cmtt/m/n/7 emit(topBytes(MD5K', 8),<nodeId, partitionId, replicaId, 
K',V'>)[] 
 []


Overfull \hbox (16.59691pt too wide) in paragraph at lines 336--336
[]\OT1/cmtt/m/n/7 # V - <Node Id,Partition Id,Replica Id,Voldemort key,Voldemor
t value>[] 
 []

[8] <cycle.png, id=79, 403.2666pt x 357.0138pt>
File: cycle.png Graphic file (type png)
 <use cycle.png>
Overfull \hbox (1.96182pt too wide) in paragraph at lines 409--410
 [][] 
 []

[9 <./cycle.png>]
Overfull \hbox (4.33743pt too wide) in paragraph at lines 440--441
[]\OT1/ptm/m/n/10 Generate in-ter-me-di-ate clus-ter topol-ogy meta-data which
 []

[10] <distribution.png, id=86, 642.4pt x 770.88pt>
File: distribution.png Graphic file (type png)
 <use distribution.png>
[11 <./distribution.png>] <build.png, id=91, 642.4pt x 481.8pt>
File: build.png Graphic file (type png)

<use build.png>
Underfull \vbox (badness 1609) has occurred while \output is active []


<search.png, id=92, 642.4pt x 481.8pt>
File: search.png Graphic file (type png)
 <use search.png>
<get_latency.png, id=93, 2186.1675pt x 569.84895pt>
File: get_latency.png Graphic file (type png)
 <use get_latency.png>
[12 <./build.png> <./search.png>]
Underfull \vbox (badness 10000) has occurred while \output is active []


Underfull \hbox (badness 3098) in paragraph at lines 582--586
[]\OT1/ptm/m/n/9 V Ra-ma-sub-ra-ma-nian and E. G. Sirer  Bee-hive:
 []


Underfull \hbox (badness 10000) in paragraph at lines 600--602
[]\OT1/ptm/m/n/9 Cassandra bulk load-ing
 []

[13 <./get_latency.png>]
Underfull \hbox (badness 7907) in paragraph at lines 666--668
[]\OT1/ptm/m/n/9 Bulk Data Load-ing for My-ISAM Ta-bles.
 []


Underfull \hbox (badness 10000) in paragraph at lines 666--668
\OT1/ptm/m/n/9 http://dev.mysql.com/doc/refman/5.5/en/optimizing-myisam-
 []

[14

] (./voldemort.aux) ) 
Here is how much of TeX's memory you used:
 2169 strings out of 94500
 26537 string characters out of 1174973
 85992 words of memory out of 1000000
 5330 multiletter control sequences out of 10000+50000
 23903 words of font info for 44 fonts, out of 500000 for 2000
 580 hyphenation exceptions out of 1000
 31i,7n,34p,1953b,325s stack positions out of 1500i,500n,5000p,200000b,5000s
PDF statistics:
 105 PDF objects out of 300000
 0 named destinations out of 131072
 46 words of extra memory for PDF output out of 65536
</opt/local/share/texmf-dist/fonts/type1/bluesky/cm/cmsy7.
pfb></opt/local/share/texmf-dist/fonts/type1/bluesky/cm/cmr5.pfb></opt/local/sh
are/texmf-dist/fonts/type1/bluesky/cm/cmmi5.pfb></opt/local/share/texmf-dist/fo
nts/type1/bluesky/cm/cmsy5.pfb></opt/local/share/texmf-dist/fonts/type1/bluesky
/cm/cmsy10.pfb></opt/local/share/texmf-dist/fonts/type1/bluesky/cm/cmtt10.pfb><
/opt/local/share/texmf-dist/fonts/type1/bluesky/cm/cmr7.pfb></opt/local/share/t
exmf-dist/fonts/type1/bluesky/cm/cmtt8.pfb></opt/local/share/texmf-dist/fonts/t
ype1/bluesky/cm/cmr10.pfb></opt/local/share/texmf-dist/fonts/type1/bluesky/cm/c
msy9.pfb></opt/local/share/texmf-dist/fonts/type1/bluesky/cm/cmmi10.pfb>{/opt/l
ocal/share/texmf-dist/fonts/enc/dvips/psnfss/8r.enc}</opt/local/share/texmf-dis
t/fonts/type1/urw/times/utmri8a.pfb></opt/local/share/texmf-dist/fonts/type1/ur
w/times/utmbi8a.pfb></opt/local/share/texmf-dist/fonts/type1/bluesky/cm/cmss10.
pfb></opt/local/share/texmf-dist/fonts/type1/urw/times/utmr8a.pfb></opt/local/s
hare/texmf-dist/fonts/type1/urw/times/utmb8a.pfb>
Output written on voldemort.pdf (14 pages, 1928104 bytes).
