\BOOKMARK [1][-]{section.1}{Introduction}{}
\BOOKMARK [1][-]{section.2}{Related Work}{}
\BOOKMARK [1][-]{section.3}{System Architecture}{}
\BOOKMARK [2][-]{subsection.3.1}{System components}{section.3}
\BOOKMARK [3][-]{subsubsection.3.1.1}{Client API }{subsection.3.1}
\BOOKMARK [3][-]{subsubsection.3.1.2}{Routing layer }{subsection.3.1}
\BOOKMARK [3][-]{subsubsection.3.1.3}{Conflict Resolution }{subsection.3.1}
\BOOKMARK [3][-]{subsubsection.3.1.4}{Consistency Mechanism }{subsection.3.1}
\BOOKMARK [3][-]{subsubsection.3.1.5}{Storage engines}{subsection.3.1}
\BOOKMARK [3][-]{subsubsection.3.1.6}{Administrative service}{subsection.3.1}
\BOOKMARK [1][-]{section.4}{Read-only storage engine}{}
\BOOKMARK [2][-]{subsection.4.1}{Storage format}{section.4}
\BOOKMARK [2][-]{subsection.4.2}{Versioning of data}{section.4}
\BOOKMARK [3][-]{subsubsection.4.2.1}{Chunk generation}{subsection.4.2}
\BOOKMARK [3][-]{subsubsection.4.2.2}{Search}{subsection.4.2}
\BOOKMARK [2][-]{subsection.4.3}{Complete data cycle}{section.4}
\BOOKMARK [3][-]{subsubsection.4.3.1}{Schema upgrades}{subsection.4.3}
\BOOKMARK [3][-]{subsubsection.4.3.2}{Rebalancing}{subsection.4.3}
\BOOKMARK [1][-]{section.5}{Benchmark}{}
\BOOKMARK [1][-]{section.6}{Conclusion / Future Work}{}
